{"D:\\Proyects\\posts-app\\src\\App.js": {"path":"D:\\Proyects\\posts-app\\src\\App.js","statementMap":{"0":{"start":{"line":6,"column":12},"end":{"line":15,"column":1}},"1":{"start":{"line":7,"column":2},"end":{"line":14,"column":4}}},"fnMap":{"0":{"name":"(anonymous_0)","decl":{"start":{"line":6,"column":12},"end":{"line":6,"column":13}},"loc":{"start":{"line":6,"column":18},"end":{"line":15,"column":1}},"line":6}},"branchMap":{},"s":{"0":1,"1":1},"f":{"0":1},"b":{},"_coverageSchema":"1a1c01bbd47fc00a2c39e90264f33305004495a9","hash":"056552136626feac1823ec69661ce322e623cedf"}
,"D:\\Proyects\\posts-app\\src\\index.js": {"path":"D:\\Proyects\\posts-app\\src\\index.js","statementMap":{"0":{"start":{"line":7,"column":13},"end":{"line":7,"column":65}},"1":{"start":{"line":8,"column":0},"end":{"line":12,"column":2}},"2":{"start":{"line":14,"column":0},"end":{"line":14,"column":18}}},"fnMap":{},"branchMap":{},"s":{"0":0,"1":0,"2":0},"f":{},"b":{}}
,"D:\\Proyects\\posts-app\\src\\reportWebVitals.js": {"path":"D:\\Proyects\\posts-app\\src\\reportWebVitals.js","statementMap":{"0":{"start":{"line":1,"column":24},"end":{"line":11,"column":1}},"1":{"start":{"line":2,"column":2},"end":{"line":10,"column":3}},"2":{"start":{"line":3,"column":4},"end":{"line":9,"column":7}},"3":{"start":{"line":4,"column":6},"end":{"line":4,"column":26}},"4":{"start":{"line":5,"column":6},"end":{"line":5,"column":26}},"5":{"start":{"line":6,"column":6},"end":{"line":6,"column":26}},"6":{"start":{"line":7,"column":6},"end":{"line":7,"column":26}},"7":{"start":{"line":8,"column":6},"end":{"line":8,"column":27}}},"fnMap":{"0":{"name":"(anonymous_0)","decl":{"start":{"line":1,"column":24},"end":{"line":1,"column":25}},"loc":{"start":{"line":1,"column":39},"end":{"line":11,"column":1}},"line":1},"1":{"name":"(anonymous_1)","decl":{"start":{"line":3,"column":30},"end":{"line":3,"column":31}},"loc":{"start":{"line":3,"column":79},"end":{"line":9,"column":5}},"line":3}},"branchMap":{"0":{"loc":{"start":{"line":2,"column":2},"end":{"line":10,"column":3}},"type":"if","locations":[{"start":{"line":2,"column":2},"end":{"line":10,"column":3}},{"start":{},"end":{}}],"line":2},"1":{"loc":{"start":{"line":2,"column":6},"end":{"line":2,"column":52}},"type":"binary-expr","locations":[{"start":{"line":2,"column":6},"end":{"line":2,"column":17}},{"start":{"line":2,"column":21},"end":{"line":2,"column":52}}],"line":2}},"s":{"0":0,"1":0,"2":0,"3":0,"4":0,"5":0,"6":0,"7":0},"f":{"0":0,"1":0},"b":{"0":[0,0],"1":[0,0]}}
,"D:\\Proyects\\posts-app\\src\\components\\DeleteModal.js": {"path":"D:\\Proyects\\posts-app\\src\\components\\DeleteModal.js","statementMap":{"0":{"start":{"line":4,"column":20},"end":{"line":34,"column":1}},"1":{"start":{"line":6,"column":2},"end":{"line":33,"column":4}},"2":{"start":{"line":17,"column":31},"end":{"line":17,"column":64}},"3":{"start":{"line":36,"column":0},"end":{"line":40,"column":2}}},"fnMap":{"0":{"name":"(anonymous_0)","decl":{"start":{"line":4,"column":20},"end":{"line":4,"column":21}},"loc":{"start":{"line":4,"column":78},"end":{"line":34,"column":1}},"line":4},"1":{"name":"(anonymous_1)","decl":{"start":{"line":17,"column":25},"end":{"line":17,"column":26}},"loc":{"start":{"line":17,"column":31},"end":{"line":17,"column":64}},"line":17}},"branchMap":{"0":{"loc":{"start":{"line":8,"column":7},"end":{"line":31,"column":7}},"type":"binary-expr","locations":[{"start":{"line":8,"column":7},"end":{"line":8,"column":19}},{"start":{"line":9,"column":8},"end":{"line":30,"column":14}}],"line":8}},"s":{"0":3,"1":3,"2":1,"3":3},"f":{"0":3,"1":1},"b":{"0":[3,3]},"_coverageSchema":"1a1c01bbd47fc00a2c39e90264f33305004495a9","hash":"0c75e8a2f5e1d6cfd94e0e9d4f1e623a53093af2"}
,"D:\\Proyects\\posts-app\\src\\components\\EditModal.js": {"path":"D:\\Proyects\\posts-app\\src\\components\\EditModal.js","statementMap":{"0":{"start":{"line":4,"column":18},"end":{"line":52,"column":1}},"1":{"start":{"line":5,"column":2},"end":{"line":51,"column":4}},"2":{"start":{"line":31,"column":18},"end":{"line":34,"column":20}},"3":{"start":{"line":54,"column":0},"end":{"line":58,"column":2}}},"fnMap":{"0":{"name":"(anonymous_0)","decl":{"start":{"line":4,"column":18},"end":{"line":4,"column":19}},"loc":{"start":{"line":4,"column":73},"end":{"line":52,"column":1}},"line":4},"1":{"name":"(anonymous_1)","decl":{"start":{"line":30,"column":25},"end":{"line":30,"column":26}},"loc":{"start":{"line":31,"column":18},"end":{"line":34,"column":20}},"line":31}},"branchMap":{"0":{"loc":{"start":{"line":7,"column":7},"end":{"line":49,"column":7}},"type":"binary-expr","locations":[{"start":{"line":7,"column":7},"end":{"line":7,"column":18}},{"start":{"line":8,"column":8},"end":{"line":48,"column":14}}],"line":7}},"s":{"0":3,"1":3,"2":1,"3":3},"f":{"0":3,"1":1},"b":{"0":[3,3]},"_coverageSchema":"1a1c01bbd47fc00a2c39e90264f33305004495a9","hash":"59a9fb51ca61812082f4013f99349cf71bc3d5d3"}
,"D:\\Proyects\\posts-app\\src\\components\\Menu.js": {"path":"D:\\Proyects\\posts-app\\src\\components\\Menu.js","statementMap":{"0":{"start":{"line":4,"column":13},"end":{"line":20,"column":1}},"1":{"start":{"line":5,"column":2},"end":{"line":19,"column":4}}},"fnMap":{"0":{"name":"(anonymous_0)","decl":{"start":{"line":4,"column":13},"end":{"line":4,"column":14}},"loc":{"start":{"line":4,"column":19},"end":{"line":20,"column":1}},"line":4}},"branchMap":{},"s":{"0":3,"1":1},"f":{"0":1},"b":{},"_coverageSchema":"1a1c01bbd47fc00a2c39e90264f33305004495a9","hash":"66c618ba8220861d1d885308c74c8d9df81c65df"}
,"D:\\Proyects\\posts-app\\src\\components\\Post.js": {"path":"D:\\Proyects\\posts-app\\src\\components\\Post.js","statementMap":{"0":{"start":{"line":4,"column":13},"end":{"line":65,"column":1}},"1":{"start":{"line":6,"column":2},"end":{"line":64,"column":4}},"2":{"start":{"line":10,"column":10},"end":{"line":60,"column":15}},"3":{"start":{"line":14,"column":31},"end":{"line":14,"column":52}},"4":{"start":{"line":46,"column":31},"end":{"line":46,"column":54}},"5":{"start":{"line":67,"column":0},"end":{"line":71,"column":2}}},"fnMap":{"0":{"name":"(anonymous_0)","decl":{"start":{"line":4,"column":13},"end":{"line":4,"column":14}},"loc":{"start":{"line":4,"column":64},"end":{"line":65,"column":1}},"line":4},"1":{"name":"(anonymous_1)","decl":{"start":{"line":9,"column":20},"end":{"line":9,"column":21}},"loc":{"start":{"line":10,"column":10},"end":{"line":60,"column":15}},"line":10},"2":{"name":"(anonymous_2)","decl":{"start":{"line":14,"column":25},"end":{"line":14,"column":26}},"loc":{"start":{"line":14,"column":31},"end":{"line":14,"column":52}},"line":14},"3":{"name":"(anonymous_3)","decl":{"start":{"line":46,"column":25},"end":{"line":46,"column":26}},"loc":{"start":{"line":46,"column":31},"end":{"line":46,"column":54}},"line":46}},"branchMap":{},"s":{"0":3,"1":1,"2":2,"3":0,"4":0,"5":3},"f":{"0":1,"1":2,"2":0,"3":0},"b":{},"_coverageSchema":"1a1c01bbd47fc00a2c39e90264f33305004495a9","hash":"4f4d342220154d85483beeeab90014a95b752334"}
,"D:\\Proyects\\posts-app\\src\\hooks\\useFetch.js": {"path":"D:\\Proyects\\posts-app\\src\\hooks\\useFetch.js","statementMap":{"0":{"start":{"line":5,"column":26},"end":{"line":5,"column":40}},"1":{"start":{"line":6,"column":32},"end":{"line":6,"column":46}},"2":{"start":{"line":7,"column":28},"end":{"line":7,"column":42}},"3":{"start":{"line":9,"column":2},"end":{"line":32,"column":12}},"4":{"start":{"line":10,"column":28},"end":{"line":10,"column":49}},"5":{"start":{"line":12,"column":22},"end":{"line":27,"column":5}},"6":{"start":{"line":13,"column":6},"end":{"line":13,"column":23}},"7":{"start":{"line":14,"column":6},"end":{"line":26,"column":7}},"8":{"start":{"line":15,"column":25},"end":{"line":15,"column":77}},"9":{"start":{"line":16,"column":29},"end":{"line":16,"column":50}},"10":{"start":{"line":17,"column":8},"end":{"line":17,"column":30}},"11":{"start":{"line":19,"column":8},"end":{"line":23,"column":9}},"12":{"start":{"line":20,"column":10},"end":{"line":20,"column":43}},"13":{"start":{"line":22,"column":10},"end":{"line":22,"column":26}},"14":{"start":{"line":25,"column":8},"end":{"line":25,"column":26}},"15":{"start":{"line":29,"column":4},"end":{"line":29,"column":16}},"16":{"start":{"line":31,"column":4},"end":{"line":31,"column":41}},"17":{"start":{"line":31,"column":17},"end":{"line":31,"column":40}},"18":{"start":{"line":34,"column":24},"end":{"line":57,"column":3}},"19":{"start":{"line":35,"column":28},"end":{"line":35,"column":49}},"20":{"start":{"line":37,"column":4},"end":{"line":56,"column":5}},"21":{"start":{"line":38,"column":23},"end":{"line":45,"column":8}},"22":{"start":{"line":46,"column":27},"end":{"line":46,"column":48}},"23":{"start":{"line":47,"column":6},"end":{"line":47,"column":26}},"24":{"start":{"line":49,"column":6},"end":{"line":53,"column":7}},"25":{"start":{"line":50,"column":8},"end":{"line":50,"column":41}},"26":{"start":{"line":52,"column":8},"end":{"line":52,"column":20}},"27":{"start":{"line":55,"column":6},"end":{"line":55,"column":30}},"28":{"start":{"line":59,"column":2},"end":{"line":59,"column":58}}},"fnMap":{"0":{"name":"useFetch","decl":{"start":{"line":4,"column":16},"end":{"line":4,"column":24}},"loc":{"start":{"line":4,"column":30},"end":{"line":60,"column":1}},"line":4},"1":{"name":"(anonymous_1)","decl":{"start":{"line":9,"column":12},"end":{"line":9,"column":13}},"loc":{"start":{"line":9,"column":18},"end":{"line":32,"column":3}},"line":9},"2":{"name":"(anonymous_2)","decl":{"start":{"line":12,"column":22},"end":{"line":12,"column":23}},"loc":{"start":{"line":12,"column":34},"end":{"line":27,"column":5}},"line":12},"3":{"name":"(anonymous_3)","decl":{"start":{"line":31,"column":11},"end":{"line":31,"column":12}},"loc":{"start":{"line":31,"column":17},"end":{"line":31,"column":40}},"line":31},"4":{"name":"(anonymous_4)","decl":{"start":{"line":34,"column":24},"end":{"line":34,"column":25}},"loc":{"start":{"line":34,"column":52},"end":{"line":57,"column":3}},"line":34}},"branchMap":{"0":{"loc":{"start":{"line":19,"column":8},"end":{"line":23,"column":9}},"type":"if","locations":[{"start":{"line":19,"column":8},"end":{"line":23,"column":9}},{"start":{"line":21,"column":15},"end":{"line":23,"column":9}}],"line":19},"1":{"loc":{"start":{"line":49,"column":6},"end":{"line":53,"column":7}},"type":"if","locations":[{"start":{"line":49,"column":6},"end":{"line":53,"column":7}},{"start":{"line":51,"column":13},"end":{"line":53,"column":7}}],"line":49}},"s":{"0":0,"1":0,"2":0,"3":0,"4":0,"5":0,"6":0,"7":0,"8":0,"9":0,"10":0,"11":0,"12":0,"13":0,"14":0,"15":0,"16":0,"17":0,"18":0,"19":0,"20":0,"21":0,"22":0,"23":0,"24":0,"25":0,"26":0,"27":0,"28":0},"f":{"0":0,"1":0,"2":0,"3":0,"4":0},"b":{"0":[0,0],"1":[0,0]},"_coverageSchema":"1a1c01bbd47fc00a2c39e90264f33305004495a9","hash":"631e8687668c7df2a46906475730277de4a5d206"}
,"D:\\Proyects\\posts-app\\src\\pages\\Home.js": {"path":"D:\\Proyects\\posts-app\\src\\pages\\Home.js","statementMap":{"0":{"start":{"line":4,"column":13},"end":{"line":47,"column":1}},"1":{"start":{"line":5,"column":28},"end":{"line":5,"column":43}},"2":{"start":{"line":6,"column":19},"end":{"line":6,"column":32}},"3":{"start":{"line":7,"column":20},"end":{"line":12,"column":3}},"4":{"start":{"line":8,"column":4},"end":{"line":8,"column":19}},"5":{"start":{"line":9,"column":4},"end":{"line":11,"column":13}},"6":{"start":{"line":10,"column":6},"end":{"line":10,"column":25}},"7":{"start":{"line":14,"column":2},"end":{"line":21,"column":14}},"8":{"start":{"line":15,"column":17},"end":{"line":15,"column":48}},"9":{"start":{"line":16,"column":4},"end":{"line":20,"column":5}},"10":{"start":{"line":17,"column":6},"end":{"line":17,"column":37}},"11":{"start":{"line":19,"column":6},"end":{"line":19,"column":39}},"12":{"start":{"line":23,"column":2},"end":{"line":46,"column":4}}},"fnMap":{"0":{"name":"(anonymous_0)","decl":{"start":{"line":4,"column":13},"end":{"line":4,"column":14}},"loc":{"start":{"line":4,"column":19},"end":{"line":47,"column":1}},"line":4},"1":{"name":"(anonymous_1)","decl":{"start":{"line":7,"column":20},"end":{"line":7,"column":21}},"loc":{"start":{"line":7,"column":26},"end":{"line":12,"column":3}},"line":7},"2":{"name":"(anonymous_2)","decl":{"start":{"line":9,"column":15},"end":{"line":9,"column":16}},"loc":{"start":{"line":9,"column":21},"end":{"line":11,"column":5}},"line":9},"3":{"name":"(anonymous_3)","decl":{"start":{"line":14,"column":12},"end":{"line":14,"column":13}},"loc":{"start":{"line":14,"column":18},"end":{"line":21,"column":3}},"line":14}},"branchMap":{"0":{"loc":{"start":{"line":16,"column":4},"end":{"line":20,"column":5}},"type":"if","locations":[{"start":{"line":16,"column":4},"end":{"line":20,"column":5}},{"start":{"line":18,"column":11},"end":{"line":20,"column":5}}],"line":16}},"s":{"0":2,"1":3,"2":3,"3":3,"4":1,"5":1,"6":0,"7":3,"8":3,"9":3,"10":1,"11":2,"12":3},"f":{"0":3,"1":1,"2":0,"3":3},"b":{"0":[1,2]},"_coverageSchema":"1a1c01bbd47fc00a2c39e90264f33305004495a9","hash":"6edf58af787769ffd47c41bdaf6274914c752922"}
,"D:\\Proyects\\posts-app\\src\\pages\\Posts.js": {"path":"D:\\Proyects\\posts-app\\src\\pages\\Posts.js","statementMap":{"0":{"start":{"line":8,"column":14},"end":{"line":138,"column":1}},"1":{"start":{"line":9,"column":59},"end":{"line":11,"column":3}},"2":{"start":{"line":12,"column":40},"end":{"line":12,"column":51}},"3":{"start":{"line":13,"column":40},"end":{"line":13,"column":54}},"4":{"start":{"line":14,"column":42},"end":{"line":14,"column":56}},"5":{"start":{"line":15,"column":23},"end":{"line":15,"column":24}},"6":{"start":{"line":17,"column":2},"end":{"line":19,"column":13}},"7":{"start":{"line":18,"column":4},"end":{"line":18,"column":22}},"8":{"start":{"line":21,"column":27},"end":{"line":23,"column":3}},"9":{"start":{"line":22,"column":4},"end":{"line":22,"column":25}},"10":{"start":{"line":25,"column":2},"end":{"line":27,"column":3}},"11":{"start":{"line":26,"column":4},"end":{"line":26,"column":34}},"12":{"start":{"line":29,"column":2},"end":{"line":31,"column":3}},"13":{"start":{"line":30,"column":4},"end":{"line":30,"column":45}},"14":{"start":{"line":33,"column":24},"end":{"line":35,"column":3}},"15":{"start":{"line":34,"column":4},"end":{"line":34,"column":25}},"16":{"start":{"line":37,"column":25},"end":{"line":39,"column":3}},"17":{"start":{"line":38,"column":4},"end":{"line":38,"column":25}},"18":{"start":{"line":41,"column":26},"end":{"line":43,"column":3}},"19":{"start":{"line":42,"column":4},"end":{"line":42,"column":26}},"20":{"start":{"line":45,"column":27},"end":{"line":47,"column":3}},"21":{"start":{"line":46,"column":4},"end":{"line":46,"column":26}},"22":{"start":{"line":49,"column":27},"end":{"line":64,"column":3}},"23":{"start":{"line":50,"column":4},"end":{"line":63,"column":5}},"24":{"start":{"line":51,"column":6},"end":{"line":51,"column":50}},"25":{"start":{"line":53,"column":27},"end":{"line":55,"column":7}},"26":{"start":{"line":54,"column":8},"end":{"line":54,"column":59}},"27":{"start":{"line":56,"column":6},"end":{"line":56,"column":28}},"28":{"start":{"line":58,"column":6},"end":{"line":58,"column":31}},"29":{"start":{"line":60,"column":6},"end":{"line":60,"column":23}},"30":{"start":{"line":62,"column":6},"end":{"line":62,"column":51}},"31":{"start":{"line":66,"column":27},"end":{"line":79,"column":3}},"32":{"start":{"line":67,"column":4},"end":{"line":78,"column":5}},"33":{"start":{"line":68,"column":6},"end":{"line":68,"column":40}},"34":{"start":{"line":70,"column":27},"end":{"line":70,"column":64}},"35":{"start":{"line":70,"column":49},"end":{"line":70,"column":63}},"36":{"start":{"line":71,"column":6},"end":{"line":71,"column":28}},"37":{"start":{"line":73,"column":6},"end":{"line":73,"column":31}},"38":{"start":{"line":75,"column":6},"end":{"line":75,"column":25}},"39":{"start":{"line":77,"column":6},"end":{"line":77,"column":51}},"40":{"start":{"line":81,"column":26},"end":{"line":81,"column":52}},"41":{"start":{"line":82,"column":27},"end":{"line":82,"column":57}},"42":{"start":{"line":83,"column":23},"end":{"line":83,"column":69}},"43":{"start":{"line":85,"column":2},"end":{"line":137,"column":4}},"44":{"start":{"line":99,"column":27},"end":{"line":99,"column":60}},"45":{"start":{"line":110,"column":27},"end":{"line":110,"column":60}}},"fnMap":{"0":{"name":"(anonymous_0)","decl":{"start":{"line":8,"column":14},"end":{"line":8,"column":15}},"loc":{"start":{"line":8,"column":20},"end":{"line":138,"column":1}},"line":8},"1":{"name":"(anonymous_1)","decl":{"start":{"line":17,"column":12},"end":{"line":17,"column":13}},"loc":{"start":{"line":17,"column":18},"end":{"line":19,"column":3}},"line":17},"2":{"name":"(anonymous_2)","decl":{"start":{"line":21,"column":27},"end":{"line":21,"column":28}},"loc":{"start":{"line":21,"column":37},"end":{"line":23,"column":3}},"line":21},"3":{"name":"(anonymous_3)","decl":{"start":{"line":33,"column":24},"end":{"line":33,"column":25}},"loc":{"start":{"line":33,"column":34},"end":{"line":35,"column":3}},"line":33},"4":{"name":"(anonymous_4)","decl":{"start":{"line":37,"column":25},"end":{"line":37,"column":26}},"loc":{"start":{"line":37,"column":31},"end":{"line":39,"column":3}},"line":37},"5":{"name":"(anonymous_5)","decl":{"start":{"line":41,"column":26},"end":{"line":41,"column":27}},"loc":{"start":{"line":41,"column":36},"end":{"line":43,"column":3}},"line":41},"6":{"name":"(anonymous_6)","decl":{"start":{"line":45,"column":27},"end":{"line":45,"column":28}},"loc":{"start":{"line":45,"column":33},"end":{"line":47,"column":3}},"line":45},"7":{"name":"(anonymous_7)","decl":{"start":{"line":49,"column":27},"end":{"line":49,"column":28}},"loc":{"start":{"line":49,"column":54},"end":{"line":64,"column":3}},"line":49},"8":{"name":"(anonymous_8)","decl":{"start":{"line":53,"column":36},"end":{"line":53,"column":37}},"loc":{"start":{"line":54,"column":8},"end":{"line":54,"column":59}},"line":54},"9":{"name":"(anonymous_9)","decl":{"start":{"line":66,"column":27},"end":{"line":66,"column":28}},"loc":{"start":{"line":66,"column":41},"end":{"line":79,"column":3}},"line":66},"10":{"name":"(anonymous_10)","decl":{"start":{"line":70,"column":39},"end":{"line":70,"column":40}},"loc":{"start":{"line":70,"column":49},"end":{"line":70,"column":63}},"line":70},"11":{"name":"(anonymous_11)","decl":{"start":{"line":99,"column":21},"end":{"line":99,"column":22}},"loc":{"start":{"line":99,"column":27},"end":{"line":99,"column":60}},"line":99},"12":{"name":"(anonymous_12)","decl":{"start":{"line":110,"column":21},"end":{"line":110,"column":22}},"loc":{"start":{"line":110,"column":27},"end":{"line":110,"column":60}},"line":110}},"branchMap":{"0":{"loc":{"start":{"line":25,"column":2},"end":{"line":27,"column":3}},"type":"if","locations":[{"start":{"line":25,"column":2},"end":{"line":27,"column":3}},{"start":{},"end":{}}],"line":25},"1":{"loc":{"start":{"line":29,"column":2},"end":{"line":31,"column":3}},"type":"if","locations":[{"start":{"line":29,"column":2},"end":{"line":31,"column":3}},{"start":{},"end":{}}],"line":29},"2":{"loc":{"start":{"line":54,"column":8},"end":{"line":54,"column":59}},"type":"cond-expr","locations":[{"start":{"line":54,"column":25},"end":{"line":54,"column":52}},{"start":{"line":54,"column":55},"end":{"line":54,"column":59}}],"line":54},"3":{"loc":{"start":{"line":102,"column":14},"end":{"line":104,"column":77}},"type":"cond-expr","locations":[{"start":{"line":103,"column":18},"end":{"line":103,"column":31}},{"start":{"line":104,"column":18},"end":{"line":104,"column":77}}],"line":102},"4":{"loc":{"start":{"line":112,"column":14},"end":{"line":113,"column":67}},"type":"binary-expr","locations":[{"start":{"line":112,"column":14},"end":{"line":112,"column":27}},{"start":{"line":113,"column":14},"end":{"line":113,"column":67}}],"line":112},"5":{"loc":{"start":{"line":116,"column":14},"end":{"line":119,"column":76}},"type":"cond-expr","locations":[{"start":{"line":118,"column":18},"end":{"line":118,"column":31}},{"start":{"line":119,"column":18},"end":{"line":119,"column":76}}],"line":116},"6":{"loc":{"start":{"line":116,"column":14},"end":{"line":117,"column":67}},"type":"binary-expr","locations":[{"start":{"line":116,"column":14},"end":{"line":116,"column":27}},{"start":{"line":117,"column":14},"end":{"line":117,"column":67}}],"line":116}},"s":{"0":2,"1":1,"2":1,"3":1,"4":1,"5":1,"6":1,"7":1,"8":1,"9":0,"10":1,"11":1,"12":0,"13":0,"14":0,"15":0,"16":0,"17":0,"18":0,"19":0,"20":0,"21":0,"22":0,"23":0,"24":0,"25":0,"26":0,"27":0,"28":0,"29":0,"30":0,"31":0,"32":0,"33":0,"34":0,"35":0,"36":0,"37":0,"38":0,"39":0,"40":0,"41":0,"42":0,"43":0,"44":0,"45":0},"f":{"0":1,"1":1,"2":0,"3":0,"4":0,"5":0,"6":0,"7":0,"8":0,"9":0,"10":0,"11":0,"12":0},"b":{"0":[1,0],"1":[0,0],"2":[0,0],"3":[0,0],"4":[0,0],"5":[0,0],"6":[0,0]},"_coverageSchema":"1a1c01bbd47fc00a2c39e90264f33305004495a9","hash":"69087658fe863c64d3de7223bbdd064b490be2e7"}
}
